<?xml version="1.0" encoding="UTF-8"?>
<testsuite xmlns:xsi="http://www.w3.org/2001/XMLSchema-instance" xsi:noNamespaceSchemaLocation="https://maven.apache.org/surefire/maven-surefire-plugin/xsd/surefire-test-report.xsd" name="com.danilorocha.sistema.bancario.MovimentacaoTest" time="0.071" tests="1" errors="0" skipped="0" failures="0">
  <properties/>
  <testcase name="testGetId" classname="com.danilorocha.sistema.bancario.MovimentacaoTest" time="0.044"/>
</testsuite>