<?xml version="1.0" encoding="UTF-8"?>
<testsuite xmlns:xsi="http://www.w3.org/2001/XMLSchema-instance" xsi:noNamespaceSchemaLocation="https://maven.apache.org/surefire/maven-surefire-plugin/xsd/surefire-test-report.xsd" name="com.danilorocha.sistema.bancario.ContaTest" time="0.023" tests="7" errors="0" skipped="0" failures="0">
  <properties/>
  <testcase name="testConta" classname="com.danilorocha.sistema.bancario.ContaTest" time="0.003"/>
  <testcase name="testHistoricoNotNull" classname="com.danilorocha.sistema.bancario.ContaTest" time="0.002"/>
  <testcase name="testSetLimiteContaEspecia" classname="com.danilorocha.sistema.bancario.ContaTest" time="0.001"/>
  <testcase name="testSetNumeroVazio" classname="com.danilorocha.sistema.bancario.ContaTest" time="0.004"/>
  <testcase name="testSetLimiteContNaoEspecialNaoArmazena" classname="com.danilorocha.sistema.bancario.ContaTest" time="0.002"/>
  <testcase name="testInstanciaPadraoPoupanca" classname="com.danilorocha.sistema.bancario.ContaTest" time="0.002"/>
  <testcase name="testSetNumeroInvalidoNaoArmazena" classname="com.danilorocha.sistema.bancario.ContaTest" time="0.003"/>
</testsuite>